  Search_Apply.cpp
c:\users\admin\desktop\압축용 (2)\압축용 (2)\project1\project1\search_apply.h(8): error C2143: 구문 오류: ';'이(가) '*' 앞에 없습니다.
c:\users\admin\desktop\압축용 (2)\압축용 (2)\project1\project1\search_apply.h(8): error C4430: 형식 지정자가 없습니다. int로 가정합니다. 참고: C++에서는 기본 int를 지원하지 않습니다.
c:\users\admin\desktop\압축용 (2)\압축용 (2)\project1\project1\search_apply.h(8): error C2238: ';' 앞에 예기치 않은 토큰이 있습니다.
c:\users\admin\desktop\압축용 (2)\압축용 (2)\project1\project1\search_apply.h(26): error C2143: 구문 오류: ';'이(가) '*' 앞에 없습니다.
c:\users\admin\desktop\압축용 (2)\압축용 (2)\project1\project1\search_apply.h(26): error C4430: 형식 지정자가 없습니다. int로 가정합니다. 참고: C++에서는 기본 int를 지원하지 않습니다.
c:\users\admin\desktop\압축용 (2)\압축용 (2)\project1\project1\search_apply.h(26): error C2238: ';' 앞에 예기치 않은 토큰이 있습니다.
c:\users\admin\desktop\압축용 (2)\압축용 (2)\project1\project1\search_apply.cpp(6): error C2065: 'recruit': 선언되지 않은 식별자입니다.
c:\users\admin\desktop\압축용 (2)\압축용 (2)\project1\project1\search_apply.cpp(6): error C2227: '->searchRecruit' 왼쪽은 클래스/구조체/공용 구조체/제네릭 형식을 가리켜야 합니다.
  c:\users\admin\desktop\압축용 (2)\압축용 (2)\project1\project1\search_apply.cpp(6): note: 'unknown-type' 형식입니다.
c:\users\admin\desktop\압축용 (2)\압축용 (2)\project1\project1\search_apply.cpp(8): warning C4018: '<': signed 또는 unsigned가 일치하지 않습니다.
c:\users\admin\desktop\압축용 (2)\압축용 (2)\project1\project1\search_apply.cpp(19): warning C4018: '<': signed 또는 unsigned가 일치하지 않습니다.
c:\users\admin\desktop\압축용 (2)\압축용 (2)\project1\project1\search_apply.cpp(33): error C2065: 'Compare': 선언되지 않은 식별자입니다.
c:\users\admin\desktop\압축용 (2)\압축용 (2)\project1\project1\search_apply.cpp(56): error C2065: 'apply': 선언되지 않은 식별자입니다.
c:\users\admin\desktop\압축용 (2)\압축용 (2)\project1\project1\search_apply.cpp(56): error C2227: '->applyforCompany' 왼쪽은 클래스/구조체/공용 구조체/제네릭 형식을 가리켜야 합니다.
  c:\users\admin\desktop\압축용 (2)\압축용 (2)\project1\project1\search_apply.cpp(56): note: 'unknown-type' 형식입니다.
c:\users\admin\desktop\압축용 (2)\압축용 (2)\project1\project1\search_apply.cpp(65): error C2228: '.size' 왼쪽에는 클래스/구조체/공용 구조체가 있어야 합니다.
  c:\users\admin\desktop\압축용 (2)\압축용 (2)\project1\project1\search_apply.cpp(65): note: 'std::vector<Recruit,std::allocator<_Ty>> *' 형식입니다.
          with
          [
              _Ty=Recruit
          ]
  c:\users\admin\desktop\압축용 (2)\압축용 (2)\project1\project1\search_apply.cpp(65): note: 대신 '->'을(를) 사용하려고 했습니까?
c:\users\admin\desktop\압축용 (2)\압축용 (2)\project1\project1\search_apply.cpp(67): error C2039: 'getrecruitlist': 'std::vector<Recruit,std::allocator<_Ty>>'의 멤버가 아닙니다.
          with
          [
              _Ty=Recruit
          ]
  c:\users\admin\desktop\압축용 (2)\압축용 (2)\project1\project1\recruit.h(16): note: 'std::vector<Recruit,std::allocator<_Ty>>' 선언을 참조하십시오.
          with
          [
              _Ty=Recruit
          ]
c:\users\admin\desktop\압축용 (2)\압축용 (2)\project1\project1\search_apply.cpp(67): error C2228: '.getBusinessNumber' 왼쪽에는 클래스/구조체/공용 구조체가 있어야 합니다.
  CheckApplyInfo.cpp
c:\users\admin\desktop\test\project1\project1\checkapplyinfo.h(7): error C2143: 구문 오류: ';'이(가) '*' 앞에 없습니다.
c:\users\admin\desktop\test\project1\project1\checkapplyinfo.h(7): error C4430: 형식 지정자가 없습니다. int로 가정합니다. 참고: C++에서는 기본 int를 지원하지 않습니다.
c:\users\admin\desktop\test\project1\project1\checkapplyinfo.h(7): error C2238: ';' 앞에 예기치 않은 토큰이 있습니다.
c:\users\admin\desktop\test\project1\project1\checkapplyinfo.cpp(7): error C2065: 'app': 선언되지 않은 식별자입니다.
c:\users\admin\desktop\test\project1\project1\checkapplyinfo.cpp(7): error C2227: '->showSortedApplyInfo' 왼쪽은 클래스/구조체/공용 구조체/제네릭 형식을 가리켜야 합니다.
  c:\users\admin\desktop\test\project1\project1\checkapplyinfo.cpp(7): note: 'unknown-type' 형식입니다.
c:\users\admin\desktop\test\project1\project1\checkapplyinfo.cpp(8): error C2039: 'getrecruitlist': 'std::vector<Apply,std::allocator<_Ty>>'의 멤버가 아닙니다.
          with
          [
              _Ty=Apply
          ]
  c:\users\admin\desktop\test\project1\project1\apply.h(8): note: 'std::vector<Apply,std::allocator<_Ty>>' 선언을 참조하십시오.
          with
          [
              _Ty=Apply
          ]
c:\users\admin\desktop\test\project1\project1\checkapplyinfo.cpp(8): error C2228: '.getCompanyName' 왼쪽에는 클래스/구조체/공용 구조체가 있어야 합니다.
c:\users\admin\desktop\test\project1\project1\checkapplyinfo.cpp(8): error C2228: '.getBusinessNumber' 왼쪽에는 클래스/구조체/공용 구조체가 있어야 합니다.
c:\users\admin\desktop\test\project1\project1\checkapplyinfo.cpp(8): error C2228: '.getWork' 왼쪽에는 클래스/구조체/공용 구조체가 있어야 합니다.
c:\users\admin\desktop\test\project1\project1\checkapplyinfo.cpp(8): error C2228: '.getNumberOfPeople' 왼쪽에는 클래스/구조체/공용 구조체가 있어야 합니다.
c:\users\admin\desktop\test\project1\project1\checkapplyinfo.cpp(8): error C2228: '.getDeadline' 왼쪽에는 클래스/구조체/공용 구조체가 있어야 합니다.
c:\users\admin\desktop\test\project1\project1\checkapplyinfo.cpp(13): error C2352: 'Apply::getApplylist': 비정적 멤버 함수를 잘못 호출했습니다.
  c:\users\admin\desktop\test\project1\project1\apply.h(16): note: 'Apply::getApplylist' 선언을 참조하십시오.
c:\users\admin\desktop\test\project1\project1\checkapplyinfo.cpp(15): warning C4018: '<': signed 또는 unsigned가 일치하지 않습니다.
c:\users\admin\desktop\test\project1\project1\checkapplyinfo.cpp(17): error C2664: 'void std::vector<Apply,std::allocator<_Ty>>::push_back(_Ty &&)': 인수 1을(를) 'std::vector<Apply,std::allocator<_Ty>>'에서 'const Apply &'(으)로 변환할 수 없습니다.
          with
          [
              _Ty=Apply
          ]
  c:\users\admin\desktop\test\project1\project1\checkapplyinfo.cpp(17): note: 원인: 'std::vector<Apply,std::allocator<_Ty>>'에서 'const Apply'(으)로 변환할 수 없습니다.
          with
          [
              _Ty=Apply
          ]
  c:\users\admin\desktop\test\project1\project1\checkapplyinfo.cpp(17): note: 이 변환을 수행할 수 있는 사용 가능한 사용자 정의 변환 연산자가 없거나 연산자를 호출할 수 없습니다.
c:\users\admin\desktop\test\project1\project1\checkapplyinfo.cpp(25): error C2065: 'Compare': 선언되지 않은 식별자입니다.
  main.cpp
c:\users\admin\desktop\test\project1\project1\search_apply.h(8): error C2143: 구문 오류: ';'이(가) '*' 앞에 없습니다.
c:\users\admin\desktop\test\project1\project1\search_apply.h(8): error C4430: 형식 지정자가 없습니다. int로 가정합니다. 참고: C++에서는 기본 int를 지원하지 않습니다.
c:\users\admin\desktop\test\project1\project1\search_apply.h(8): error C2238: ';' 앞에 예기치 않은 토큰이 있습니다.
c:\users\admin\desktop\test\project1\project1\search_apply.h(27): error C2143: 구문 오류: ';'이(가) '*' 앞에 없습니다.
c:\users\admin\desktop\test\project1\project1\search_apply.h(27): error C4430: 형식 지정자가 없습니다. int로 가정합니다. 참고: C++에서는 기본 int를 지원하지 않습니다.
c:\users\admin\desktop\test\project1\project1\search_apply.h(27): error C2238: ';' 앞에 예기치 않은 토큰이 있습니다.
c:\users\admin\desktop\test\project1\project1\checkapplyinfo.h(7): error C2143: 구문 오류: ';'이(가) '*' 앞에 없습니다.
c:\users\admin\desktop\test\project1\project1\checkapplyinfo.h(7): error C4430: 형식 지정자가 없습니다. int로 가정합니다. 참고: C++에서는 기본 int를 지원하지 않습니다.
c:\users\admin\desktop\test\project1\project1\checkapplyinfo.h(7): error C2238: ';' 앞에 예기치 않은 토큰이 있습니다.
  코드를 생성하고 있습니다...
